<?xml version="1.0" encoding="UTF-8"?>
<!-- Generated by org.testng.reporters.JUnitReportReporter -->
<testsuite hostname="Arhams-MBP" failures="0" tests="5" name="homepagetest.HomePageTest" time="43.738" errors="0" timestamp="2021-03-29T11:33:42 EDT" skipped="1">
  <testcase classname="homepagetest.HomePageTest" name="testPharmacy" time="11.339"/>
  <system-out/>
  <testcase classname="homepagetest.HomePageTest" name="testSearchBox" time="12.286"/>
  <system-out/>
  <testcase classname="homepagetest.HomePageTest" name="testHamburger" time="12.289"/>
  <system-out/>
  <testcase classname="homepagetest.HomePageTest" name="testFresh" time="7.824"/>
  <system-out/>
  <testcase classname="homepagetest.HomePageTest" name="testClothes">
    <skipped/>
  </testcase> <!-- testClothes -->
  <system-out/>
</testsuite> <!-- homepagetest.HomePageTest -->
